<?xml version="1.0" encoding="UTF-8"?>
<!-- Generated by org.testng.reporters.JUnitXMLReporter -->
<testsuite hostname="DELL" ignored="0" name="Default test" tests="3" failures="0" timestamp="11 Dec 2017 20:00:01 GMT" time="0.094" errors="0">
  <testcase name="testMethod1" time="0.0" classname="loginfunctionality.SignUp"/>
  <testcase name="testMethod1" time="0.015" classname="loginfunctionality.SignUp"/>
  <testcase name="testMethod2" time="0.0" classname="loginfunctionality.SignUp"/>
</testsuite> <!-- Default test -->
