<?xml version="1.0" encoding="UTF-8"?>
<testng-results skipped="0" failed="0" ignored="0" total="3" passed="3">
  <reporter-output>
  </reporter-output>
  <suite name="Default suite" duration-ms="94" started-at="2017-12-11T20:00:01Z" finished-at="2017-12-11T20:00:01Z">
    <groups>
    </groups>
    <test name="Default test" duration-ms="94" started-at="2017-12-11T20:00:01Z" finished-at="2017-12-11T20:00:01Z">
      <class name="loginfunctionality.SignUp">
        <test-method status="PASS" signature="beforeTest()[pri:0, instance:loginfunctionality.SignUp@14acaea5]" name="beforeTest" is-config="true" duration-ms="16" started-at="2017-12-12T01:30:01Z" finished-at="2017-12-12T01:30:01Z">
          <reporter-output>
          </reporter-output>
        </test-method> <!-- beforeTest -->
        <test-method status="PASS" signature="beforeMethod()[pri:0, instance:loginfunctionality.SignUp@14acaea5]" name="beforeMethod" is-config="true" duration-ms="0" started-at="2017-12-12T01:30:01Z" finished-at="2017-12-12T01:30:01Z">
          <reporter-output>
          </reporter-output>
        </test-method> <!-- beforeMethod -->
        <test-method status="PASS" signature="afterMethod()[pri:0, instance:loginfunctionality.SignUp@14acaea5]" name="afterMethod" is-config="true" duration-ms="0" started-at="2017-12-12T01:30:01Z" finished-at="2017-12-12T01:30:01Z">
          <reporter-output>
          </reporter-output>
        </test-method> <!-- afterMethod -->
        <test-method status="PASS" signature="testMethod1(java.lang.Integer, java.lang.Integer, java.lang.Integer)[pri:-1, instance:loginfunctionality.SignUp@14acaea5]" name="testMethod1" duration-ms="0" started-at="2017-12-12T01:30:01Z" data-provider="getExcelData" finished-at="2017-12-12T01:30:01Z">
          <params>
            <param index="0">
              <value>
                <![CDATA[1]]>
              </value>
            </param>
            <param index="1">
              <value>
                <![CDATA[2]]>
              </value>
            </param>
            <param index="2">
              <value>
                <![CDATA[3]]>
              </value>
            </param>
          </params>
          <reporter-output>
          </reporter-output>
        </test-method> <!-- testMethod1 -->
        <test-method status="PASS" signature="testMethod1(java.lang.Integer, java.lang.Integer, java.lang.Integer)[pri:-1, instance:loginfunctionality.SignUp@14acaea5]" name="testMethod1" duration-ms="15" started-at="2017-12-12T01:30:01Z" data-provider="getExcelData" finished-at="2017-12-12T01:30:01Z">
          <params>
            <param index="0">
              <value>
                <![CDATA[3]]>
              </value>
            </param>
            <param index="1">
              <value>
                <![CDATA[4]]>
              </value>
            </param>
            <param index="2">
              <value>
                <![CDATA[5]]>
              </value>
            </param>
          </params>
          <reporter-output>
          </reporter-output>
        </test-method> <!-- testMethod1 -->
        <test-method status="PASS" signature="beforeMethod()[pri:0, instance:loginfunctionality.SignUp@14acaea5]" name="beforeMethod" is-config="true" duration-ms="0" started-at="2017-12-12T01:30:01Z" finished-at="2017-12-12T01:30:01Z">
          <reporter-output>
          </reporter-output>
        </test-method> <!-- beforeMethod -->
        <test-method status="PASS" signature="beforeMethod()[pri:0, instance:loginfunctionality.SignUp@14acaea5]" name="beforeMethod" is-config="true" duration-ms="0" started-at="2017-12-12T01:30:01Z" finished-at="2017-12-12T01:30:01Z">
          <reporter-output>
          </reporter-output>
        </test-method> <!-- beforeMethod -->
        <test-method status="PASS" signature="testMethod2()[pri:1, instance:loginfunctionality.SignUp@14acaea5]" name="testMethod2" duration-ms="0" started-at="2017-12-12T01:30:01Z" finished-at="2017-12-12T01:30:01Z">
          <reporter-output>
          </reporter-output>
        </test-method> <!-- testMethod2 -->
        <test-method status="PASS" signature="afterMethod()[pri:0, instance:loginfunctionality.SignUp@14acaea5]" name="afterMethod" is-config="true" duration-ms="0" started-at="2017-12-12T01:30:01Z" finished-at="2017-12-12T01:30:01Z">
          <reporter-output>
          </reporter-output>
        </test-method> <!-- afterMethod -->
        <test-method status="PASS" signature="afterMethod()[pri:0, instance:loginfunctionality.SignUp@14acaea5]" name="afterMethod" is-config="true" duration-ms="0" started-at="2017-12-12T01:30:01Z" finished-at="2017-12-12T01:30:01Z">
          <reporter-output>
          </reporter-output>
        </test-method> <!-- afterMethod -->
        <test-method status="PASS" signature="afterTest()[pri:0, instance:loginfunctionality.SignUp@14acaea5]" name="afterTest" is-config="true" duration-ms="0" started-at="2017-12-12T01:30:01Z" finished-at="2017-12-12T01:30:01Z">
          <reporter-output>
          </reporter-output>
        </test-method> <!-- afterTest -->
      </class> <!-- loginfunctionality.SignUp -->
    </test> <!-- Default test -->
  </suite> <!-- Default suite -->
</testng-results>
